<?xml version="1.0" encoding="UTF-8"?>
<!-- Generated by org.testng.reporters.JUnitXMLReporter -->
<testsuite ignored="0" hostname="WJLP-3124" failures="0" tests="5" name="Default test" time="4.473" errors="0" timestamp="2022-06-10T18:12:20 IST">
  <testcase classname="Tests.PodiumRead" name="vehicleprice" time="0.005"/>
  <testcase classname="Tests.PodiumRead" name="totalfinaceamount" time="0.008"/>
  <testcase classname="Tests.PodiumRead" name="Term" time="0.001"/>
  <testcase classname="Tests.PodiumRead" name="Deposit" time="0.001"/>
  <testcase classname="Tests.PodiumRead" name="Extras" time="0.0"/>
</testsuite> <!-- Default test -->
