<?xml version="1.0" encoding="UTF-8"?>
<!-- Generated by org.testng.reporters.JUnitXMLReporter -->
<testsuite ignored="2" hostname="WJLP-1210" failures="1" tests="2" name="OptimaStages" time="69.97" errors="0" timestamp="2021-09-29T16:49:59 IST">
  <testcase classname="Tests.CreditDecisionStage" name="creditDecision" time="32.218"/>
  <testcase classname="Tests.DocumentValidationStage" name="validationOfDocument" time="20.003">
    <failure type="java.lang.NullPointerException">
      <![CDATA[java.lang.NullPointerException
at java.base/java.util.Objects.requireNonNull(Objects.java:222)
at org.openqa.selenium.support.ui.FluentWait.<init>(FluentWait.java:106)
at org.openqa.selenium.support.ui.WebDriverWait.<init>(WebDriverWait.java:85)
at org.openqa.selenium.support.ui.WebDriverWait.<init>(WebDriverWait.java:45)
at Tests.DocumentValidationStage.validationOfDocument(DocumentValidationStage.java:72)
at java.base/java.util.ArrayList.forEach(ArrayList.java:1510)
... Removed 27 stack frames]]>
    </failure>
  </testcase> <!-- validationOfDocument -->
  <testcase classname="Tests.BasicSetup" name="@AfterSuite closeBrowser" time="0.0">
    <ignored/>
  </testcase> <!-- @AfterSuite closeBrowser -->
  <testcase classname="Tests.BasicSetup" name="@BeforeSuite launchBrowser" time="0.0">
    <ignored/>
  </testcase> <!-- @BeforeSuite launchBrowser -->
</testsuite> <!-- OptimaStages -->
