<?xml version="1.0" encoding="UTF-8"?>
<!-- Generated by org.testng.reporters.JUnitXMLReporter -->
<testsuite ignored="1" hostname="WJLP-1297" failures="0" tests="2" name="SeritiTest" time="564.963" errors="0" timestamp="2021-07-08T10:36:30 IST">
  <testcase classname="Tests.SignioTest" name="CreateNewApplicationThroughSignio" time="103.383"/>
  <testcase classname="Tests.ApplicationStage" name="applicationScreen" time="461.521"/>
  <testcase classname="Tests.BasicSetup" name="@BeforeSuite launchBrowser" time="0.0">
    <ignored/>
  </testcase> <!-- @BeforeSuite launchBrowser -->
</testsuite> <!-- SeritiTest -->
